Vivado Simulator 2016.2
Copyright 1986-1999, 2001-2016 Xilinx, Inc. All Rights Reserved.
Running: C:/Xilinx/vivadooo/Vivado/2016.2/bin/unwrapped/win64.o/xelab.exe -wto 973b187326964de684fc9e761b72d546 --debug typical --relax --mt 2 -L xil_defaultlib -L unisims_ver -L unimacro_ver -L secureip --snapshot AUDIO_FX_TOP_behav xil_defaultlib.AUDIO_FX_TOP xil_defaultlib.glbl -log elaborate.log 
Using 2 slave threads.
Starting static elaboration
Completed static elaboration
Starting simulation data flow analysis
Completed simulation data flow analysis
Time Resolution for simulation is 1ps
Compiling package std.standard
Compiling package ieee.std_logic_1164
Compiling package ieee.std_logic_arith
Compiling package ieee.std_logic_unsigned
Compiling module xil_defaultlib.get_clock_20k
Compiling module xil_defaultlib.get_clock_50M
Compiling module xil_defaultlib.SPI
Compiling module xil_defaultlib.A_delay
Compiling module xil_defaultlib.get_clock_16
Compiling architecture da2 of entity xil_defaultlib.DA2RefComp [da2refcomp_default]
Compiling module xil_defaultlib.AUDIO_FX_TOP
Compiling module xil_defaultlib.glbl
Built simulation snapshot AUDIO_FX_TOP_behav
